Loading edxviz
Warning: Installed Rcpp (0.12.11) different from Rcpp used to build dplyr (0.12.10).
Please reinstall dplyr to avoid random crashes or undefined behavior.
Loading required package: shinyBS
Loading required package: tidyverse
Loading tidyverse: ggplot2
Loading tidyverse: tibble
Loading tidyverse: tidyr
Loading tidyverse: readr
Loading tidyverse: purrr
Loading tidyverse: dplyr
Conflicts with tidy packages ---------------------------------------------------
filter(): dplyr, stats
lag():    dplyr, stats

Listening on http://127.0.0.1:40989
Warning: Error in : '../../data/no_course_selected/wrangled_video_heat.csv' does not exist in current working directory ('/srv/shiny-server/inst/global_dashboard').
Stack trace (innermost first):
    116: check_path
    115: standardise_path
    114: read_delimited
    113: <Anonymous>
    112: do.call
    111: valueFunc
    110: <reactive>
     99: tidy_segment_df
     98: unique
     97: <reactive>
     86: chap_name
     85: append
     84: get_module_options [/srv/shiny-server/R/video_server.R#326]
     83: lapply
     82: listify
     81: choicesWithNames
     80: selectInput
     79: renderUI
     78: func
     77: origRenderFunc
     76: output$videoID-moduleSelection
      1: runApp
Warning: Error in : '../../data/no_course_selected/wrangled_video_heat.csv' does not exist in current working directory ('/srv/shiny-server/inst/global_dashboard').
Stack trace (innermost first):
    97: <Anonymous>
    96: stop
    95: tidy_segment_df
    94: filter_demographics [/srv/shiny-server/R/overview_engagement_server.R#11]
    93: <reactive>
    82: filtered_segments
    81: ggplot
    80: get_video_comparison_plot [/srv/shiny-server/R/video_server.R#162]
    79: "plotly"::"ggplotly"
    78: func
    77: origRenderFunc
    76: output$videoID-most_viewed
     1: runApp
Warning: Error in : '../../data/no_course_selected/wrangled_video_heat.csv' does not exist in current working directory ('/srv/shiny-server/inst/global_dashboard').
Stack trace (innermost first):
    96: <Anonymous>
    95: stop
    94: tidy_segment_df
    93: filter_demographics [/srv/shiny-server/R/overview_engagement_server.R#11]
    92: <reactive>
    81: filtered_students
    80: paste0
    79: renderText
    78: func
    77: origRenderFunc
    76: output$videoID-num_students
     1: runApp
Parsed with column specification:
cols(
  user_id = col_integer(),
  problem_url_name = col_character(),
  item_response = col_character(),
  avg_problem_pct_score = col_double(),
  problem_name = col_character(),
  created = col_datetime(format = ""),
  gender = col_character(),
  mode = col_character(),
  sum_dt = col_double()
)
